<?xml version="1.0" encoding="UTF-8"?>
<!-- Generated by org.testng.reporters.JUnitReportReporter -->
<testsuite skipped="0" hostname="DESKTOP-UA48023" name="academy.ValidateTitle" tests="1" failures="0" timestamp="08 May 2022 02:20:51 GMT" time="0.082" errors="0">
  <testcase name="basePageNavigation" time="0.082" classname="academy.ValidateTitle"/>
</testsuite> <!-- academy.ValidateTitle -->
