<?xml version="1.0" encoding="UTF-8"?>
<!-- Generated by org.testng.reporters.JUnitReportReporter -->
<testsuite skipped="0" hostname="DESKTOP-UA48023" name="academy.HomePage" tests="2" failures="0" timestamp="08 May 2022 03:55:04 GMT" time="40.095" errors="0">
  <testcase name="basePageNavigatin" time="22.092" classname="academy.HomePage"/>
  <testcase name="basePageNavigatin" time="18.003" classname="academy.HomePage"/>
</testsuite> <!-- academy.HomePage -->
