<?xml version="1.0" encoding="UTF-8"?>
<!-- Generated by org.testng.reporters.JUnitReportReporter -->
<testsuite skipped="0" hostname="DESKTOP-UA48023" name="academy.NavigationBar" tests="1" failures="0" timestamp="08 May 2022 03:55:04 GMT" time="0.100" errors="0">
  <testcase name="navigation" time="0.100" classname="academy.NavigationBar"/>
</testsuite> <!-- academy.NavigationBar -->
